2022-10-06T01:31:35+00:00 CRITICAL Uncaught Error: Call to undefined function the__field() in /var/www/u1509533/data/www/freestyle.ru/NUKER/wp-content/themes/nuker/pages/contacts.php:59
Stack trace:
#0 /var/www/u1509533/data/www/freestyle.ru/NUKER/wp-includes/template-loader.php(106): include()
#1 /var/www/u1509533/data/www/freestyle.ru/NUKER/wp-blog-header.php(19): require_once('/var/www/u15095...')
#2 /var/www/u1509533/data/www/freestyle.ru/NUKER/index.php(17): require('/var/www/u15095...')
#3 {main}
  thrown в /var/www/u1509533/data/www/freestyle.ru/NUKER/wp-content/themes/nuker/pages/contacts.php на строке 59

2022-10-06T01:34:22+00:00 CRITICAL Uncaught Error: Call to undefined function the__field() in /var/www/u1509533/data/www/freestyle.ru/NUKER/wp-content/themes/nuker/pages/contacts.php:59
Stack trace:
#0 /var/www/u1509533/data/www/freestyle.ru/NUKER/wp-includes/template-loader.php(106): include()
#1 /var/www/u1509533/data/www/freestyle.ru/NUKER/wp-blog-header.php(19): require_once('/var/www/u15095...')
#2 /var/www/u1509533/data/www/freestyle.ru/NUKER/index.php(17): require('/var/www/u15095...')
#3 {main}
  thrown в /var/www/u1509533/data/www/freestyle.ru/NUKER/wp-content/themes/nuker/pages/contacts.php на строке 59

2022-10-06T01:34:51+00:00 CRITICAL Uncaught Error: Call to undefined function the__field() in /var/www/u1509533/data/www/freestyle.ru/NUKER/wp-content/themes/nuker/pages/contacts.php:59
Stack trace:
#0 /var/www/u1509533/data/www/freestyle.ru/NUKER/wp-includes/template-loader.php(106): include()
#1 /var/www/u1509533/data/www/freestyle.ru/NUKER/wp-blog-header.php(19): require_once('/var/www/u15095...')
#2 /var/www/u1509533/data/www/freestyle.ru/NUKER/index.php(17): require('/var/www/u15095...')
#3 {main}
  thrown в /var/www/u1509533/data/www/freestyle.ru/NUKER/wp-content/themes/nuker/pages/contacts.php на строке 59

2022-10-06T01:35:07+00:00 CRITICAL Uncaught Error: Call to undefined function the__field() in /var/www/u1509533/data/www/freestyle.ru/NUKER/wp-content/themes/nuker/pages/contacts.php:59
Stack trace:
#0 /var/www/u1509533/data/www/freestyle.ru/NUKER/wp-includes/template-loader.php(106): include()
#1 /var/www/u1509533/data/www/freestyle.ru/NUKER/wp-blog-header.php(19): require_once('/var/www/u15095...')
#2 /var/www/u1509533/data/www/freestyle.ru/NUKER/index.php(17): require('/var/www/u15095...')
#3 {main}
  thrown в /var/www/u1509533/data/www/freestyle.ru/NUKER/wp-content/themes/nuker/pages/contacts.php на строке 59

2022-10-06T01:39:03+00:00 CRITICAL Uncaught Error: Call to undefined function the__field() in /var/www/u1509533/data/www/freestyle.ru/NUKER/wp-content/themes/nuker/pages/contacts.php:59
Stack trace:
#0 /var/www/u1509533/data/www/freestyle.ru/NUKER/wp-includes/template-loader.php(106): include()
#1 /var/www/u1509533/data/www/freestyle.ru/NUKER/wp-blog-header.php(19): require_once('/var/www/u15095...')
#2 /var/www/u1509533/data/www/freestyle.ru/NUKER/index.php(17): require('/var/www/u15095...')
#3 {main}
  thrown в /var/www/u1509533/data/www/freestyle.ru/NUKER/wp-content/themes/nuker/pages/contacts.php на строке 59

2022-10-06T01:41:21+00:00 CRITICAL Uncaught Error: Call to undefined function the__field() in /var/www/u1509533/data/www/freestyle.ru/NUKER/wp-content/themes/nuker/pages/contacts.php:59
Stack trace:
#0 /var/www/u1509533/data/www/freestyle.ru/NUKER/wp-includes/template-loader.php(106): include()
#1 /var/www/u1509533/data/www/freestyle.ru/NUKER/wp-blog-header.php(19): require_once('/var/www/u15095...')
#2 /var/www/u1509533/data/www/freestyle.ru/NUKER/index.php(17): require('/var/www/u15095...')
#3 {main}
  thrown в /var/www/u1509533/data/www/freestyle.ru/NUKER/wp-content/themes/nuker/pages/contacts.php на строке 59

2022-10-06T01:43:15+00:00 CRITICAL Uncaught Error: Call to undefined function the__field() in /var/www/u1509533/data/www/freestyle.ru/NUKER/wp-content/themes/nuker/pages/contacts.php:59
Stack trace:
#0 /var/www/u1509533/data/www/freestyle.ru/NUKER/wp-includes/template-loader.php(106): include()
#1 /var/www/u1509533/data/www/freestyle.ru/NUKER/wp-blog-header.php(19): require_once('/var/www/u15095...')
#2 /var/www/u1509533/data/www/freestyle.ru/NUKER/index.php(17): require('/var/www/u15095...')
#3 {main}
  thrown в /var/www/u1509533/data/www/freestyle.ru/NUKER/wp-content/themes/nuker/pages/contacts.php на строке 59

2022-10-06T01:43:40+00:00 CRITICAL Uncaught Error: Call to undefined function the__field() in /var/www/u1509533/data/www/freestyle.ru/NUKER/wp-content/themes/nuker/pages/contacts.php:59
Stack trace:
#0 /var/www/u1509533/data/www/freestyle.ru/NUKER/wp-includes/template-loader.php(106): include()
#1 /var/www/u1509533/data/www/freestyle.ru/NUKER/wp-blog-header.php(19): require_once('/var/www/u15095...')
#2 /var/www/u1509533/data/www/freestyle.ru/NUKER/index.php(17): require('/var/www/u15095...')
#3 {main}
  thrown в /var/www/u1509533/data/www/freestyle.ru/NUKER/wp-content/themes/nuker/pages/contacts.php на строке 59

2022-10-06T01:43:44+00:00 CRITICAL Uncaught Error: Call to undefined function the__field() in /var/www/u1509533/data/www/freestyle.ru/NUKER/wp-content/themes/nuker/pages/contacts.php:59
Stack trace:
#0 /var/www/u1509533/data/www/freestyle.ru/NUKER/wp-includes/template-loader.php(106): include()
#1 /var/www/u1509533/data/www/freestyle.ru/NUKER/wp-blog-header.php(19): require_once('/var/www/u15095...')
#2 /var/www/u1509533/data/www/freestyle.ru/NUKER/index.php(17): require('/var/www/u15095...')
#3 {main}
  thrown в /var/www/u1509533/data/www/freestyle.ru/NUKER/wp-content/themes/nuker/pages/contacts.php на строке 59

2022-10-06T01:47:11+00:00 CRITICAL Uncaught Error: Call to undefined function the__field() in /var/www/u1509533/data/www/freestyle.ru/NUKER/wp-content/themes/nuker/pages/contacts.php:59
Stack trace:
#0 /var/www/u1509533/data/www/freestyle.ru/NUKER/wp-includes/template-loader.php(106): include()
#1 /var/www/u1509533/data/www/freestyle.ru/NUKER/wp-blog-header.php(19): require_once('/var/www/u15095...')
#2 /var/www/u1509533/data/www/freestyle.ru/NUKER/index.php(17): require('/var/www/u15095...')
#3 {main}
  thrown в /var/www/u1509533/data/www/freestyle.ru/NUKER/wp-content/themes/nuker/pages/contacts.php на строке 59

2022-10-06T01:51:02+00:00 CRITICAL Uncaught Error: Call to undefined function the__field() in /var/www/u1509533/data/www/freestyle.ru/NUKER/wp-content/themes/nuker/pages/contacts.php:59
Stack trace:
#0 /var/www/u1509533/data/www/freestyle.ru/NUKER/wp-includes/template-loader.php(106): include()
#1 /var/www/u1509533/data/www/freestyle.ru/NUKER/wp-blog-header.php(19): require_once('/var/www/u15095...')
#2 /var/www/u1509533/data/www/freestyle.ru/NUKER/index.php(17): require('/var/www/u15095...')
#3 {main}
  thrown в /var/www/u1509533/data/www/freestyle.ru/NUKER/wp-content/themes/nuker/pages/contacts.php на строке 59

2022-10-06T01:54:08+00:00 CRITICAL Uncaught Error: Call to undefined function the__field() in /var/www/u1509533/data/www/freestyle.ru/NUKER/wp-content/themes/nuker/pages/contacts.php:59
Stack trace:
#0 /var/www/u1509533/data/www/freestyle.ru/NUKER/wp-includes/template-loader.php(106): include()
#1 /var/www/u1509533/data/www/freestyle.ru/NUKER/wp-blog-header.php(19): require_once('/var/www/u15095...')
#2 /var/www/u1509533/data/www/freestyle.ru/NUKER/index.php(17): require('/var/www/u15095...')
#3 {main}
  thrown в /var/www/u1509533/data/www/freestyle.ru/NUKER/wp-content/themes/nuker/pages/contacts.php на строке 59

2022-10-06T01:55:24+00:00 CRITICAL Uncaught Error: Call to undefined function the__title() in /var/www/u1509533/data/www/freestyle.ru/NUKER/wp-content/themes/nuker/pages/contacts.php:59
Stack trace:
#0 /var/www/u1509533/data/www/freestyle.ru/NUKER/wp-includes/template-loader.php(106): include()
#1 /var/www/u1509533/data/www/freestyle.ru/NUKER/wp-blog-header.php(19): require_once('/var/www/u15095...')
#2 /var/www/u1509533/data/www/freestyle.ru/NUKER/index.php(17): require('/var/www/u15095...')
#3 {main}
  thrown в /var/www/u1509533/data/www/freestyle.ru/NUKER/wp-content/themes/nuker/pages/contacts.php на строке 59

2022-10-06T16:19:47+00:00 CRITICAL Uncaught Error: Call to undefined function the__title() in /var/www/u1509533/data/www/freestyle.ru/NUKER/wp-content/themes/nuker/pages/contacts.php:132
Stack trace:
#0 /var/www/u1509533/data/www/freestyle.ru/NUKER/wp-includes/template-loader.php(106): include()
#1 /var/www/u1509533/data/www/freestyle.ru/NUKER/wp-blog-header.php(19): require_once('/var/www/u15095...')
#2 /var/www/u1509533/data/www/freestyle.ru/NUKER/index.php(17): require('/var/www/u15095...')
#3 {main}
  thrown в /var/www/u1509533/data/www/freestyle.ru/NUKER/wp-content/themes/nuker/pages/contacts.php на строке 132

